{"/home/runner/bookLendingService/booklending.js": {"path":"/home/runner/bookLendingService/booklending.js","statementMap":{"0":{"start":{"line":3,"column":12},"end":{"line":3,"column":179}},"1":{"start":{"line":5,"column":18},"end":{"line":5,"column":40}},"2":{"start":{"line":9,"column":2},"end":{"line":15,"column":3}},"3":{"start":{"line":10,"column":4},"end":{"line":10,"column":46}},"4":{"start":{"line":11,"column":4},"end":{"line":11,"column":68}},"5":{"start":{"line":14,"column":4},"end":{"line":14,"column":39}},"6":{"start":{"line":16,"column":2},"end":{"line":16,"column":14}},"7":{"start":{"line":20,"column":2},"end":{"line":23,"column":3}},"8":{"start":{"line":21,"column":4},"end":{"line":21,"column":76}},"9":{"start":{"line":22,"column":4},"end":{"line":22,"column":16}},"10":{"start":{"line":27,"column":2},"end":{"line":31,"column":3}},"11":{"start":{"line":28,"column":17},"end":{"line":28,"column":43}},"12":{"start":{"line":29,"column":4},"end":{"line":29,"column":26}},"13":{"start":{"line":30,"column":4},"end":{"line":30,"column":18}},"14":{"start":{"line":36,"column":2},"end":{"line":39,"column":3}},"15":{"start":{"line":37,"column":4},"end":{"line":37,"column":87}},"16":{"start":{"line":38,"column":4},"end":{"line":38,"column":23}},"17":{"start":{"line":43,"column":3},"end":{"line":48,"column":5}},"18":{"start":{"line":44,"column":25},"end":{"line":44,"column":63}},"19":{"start":{"line":45,"column":6},"end":{"line":45,"column":34}},"20":{"start":{"line":46,"column":6},"end":{"line":46,"column":96}},"21":{"start":{"line":47,"column":6},"end":{"line":47,"column":29}},"22":{"start":{"line":55,"column":0},"end":{"line":63,"column":1}}},"fnMap":{"0":{"name":"donateBookToStore","decl":{"start":{"line":8,"column":9},"end":{"line":8,"column":26}},"loc":{"start":{"line":8,"column":36},"end":{"line":17,"column":1}},"line":8},"1":{"name":"displayBooks","decl":{"start":{"line":19,"column":9},"end":{"line":19,"column":21}},"loc":{"start":{"line":19,"column":24},"end":{"line":24,"column":1}},"line":19},"2":{"name":"lendBooks","decl":{"start":{"line":26,"column":9},"end":{"line":26,"column":18}},"loc":{"start":{"line":26,"column":30},"end":{"line":33,"column":1}},"line":26},"3":{"name":"showLendBooks","decl":{"start":{"line":35,"column":9},"end":{"line":35,"column":22}},"loc":{"start":{"line":35,"column":25},"end":{"line":40,"column":1}},"line":35},"4":{"name":"returnedBooks","decl":{"start":{"line":42,"column":9},"end":{"line":42,"column":22}},"loc":{"start":{"line":42,"column":36},"end":{"line":49,"column":3}},"line":42}},"branchMap":{"0":{"loc":{"start":{"line":9,"column":2},"end":{"line":15,"column":3}},"type":"if","locations":[{"start":{"line":9,"column":2},"end":{"line":15,"column":3}},{"start":{"line":13,"column":7},"end":{"line":15,"column":3}}],"line":9},"1":{"loc":{"start":{"line":20,"column":2},"end":{"line":23,"column":3}},"type":"if","locations":[{"start":{"line":20,"column":2},"end":{"line":23,"column":3}},{"start":{},"end":{}}],"line":20},"2":{"loc":{"start":{"line":27,"column":2},"end":{"line":31,"column":3}},"type":"if","locations":[{"start":{"line":27,"column":2},"end":{"line":31,"column":3}},{"start":{},"end":{}}],"line":27},"3":{"loc":{"start":{"line":36,"column":2},"end":{"line":39,"column":3}},"type":"if","locations":[{"start":{"line":36,"column":2},"end":{"line":39,"column":3}},{"start":{},"end":{}}],"line":36},"4":{"loc":{"start":{"line":43,"column":3},"end":{"line":48,"column":5}},"type":"if","locations":[{"start":{"line":43,"column":3},"end":{"line":48,"column":5}},{"start":{},"end":{}}],"line":43}},"s":{"0":1,"1":1,"2":2,"3":1,"4":1,"5":1,"6":2,"7":1,"8":1,"9":1,"10":1,"11":1,"12":1,"13":1,"14":1,"15":1,"16":1,"17":1,"18":1,"19":1,"20":1,"21":1,"22":1},"f":{"0":2,"1":1,"2":1,"3":1,"4":1},"b":{"0":[1,1],"1":[1,0],"2":[1,0],"3":[1,0],"4":[1,0]},"_coverageSchema":"1a1c01bbd47fc00a2c39e90264f33305004495a9","hash":"f4de791b5060ee5dfdbb39b9a2ada73a090fa0b9"}
}
