TN:
SF:booklending.js
FN:8,donateBookToStore
FN:19,displayBooks
FN:26,lendBooks
FN:35,showLendBooks
FN:42,returnedBooks
FNF:5
FNH:5
FNDA:2,donateBookToStore
FNDA:1,displayBooks
FNDA:1,lendBooks
FNDA:1,showLendBooks
FNDA:1,returnedBooks
DA:3,1
DA:5,1
DA:9,2
DA:10,1
DA:11,1
DA:14,1
DA:16,2
DA:20,1
DA:21,1
DA:22,1
DA:27,1
DA:28,1
DA:29,1
DA:30,1
DA:36,1
DA:37,1
DA:38,1
DA:43,1
DA:44,1
DA:45,1
DA:46,1
DA:47,1
DA:55,1
LF:23
LH:23
BRDA:9,0,0,1
BRDA:9,0,1,1
BRDA:20,1,0,1
BRDA:20,1,1,0
BRDA:27,2,0,1
BRDA:27,2,1,0
BRDA:36,3,0,1
BRDA:36,3,1,0
BRDA:43,4,0,1
BRDA:43,4,1,0
BRF:10
BRH:6
end_of_record
